<?xml version="1.0" encoding="UTF-8"?>
<!-- Generated by org.testng.reporters.JUnitXMLReporter -->
<testsuite ignored="1" hostname="DESKTOP-GQLF889" failures="0" tests="1" name="Default test" time="7.551" errors="0" timestamp="2021-02-12T14:47:33 EET">
  <testcase classname="Tests.SpecialistPageTest" name="specialistLogputPageTest" time="3.801"/>
  <testcase classname="Tests.SpecialistPageTest" name="specialistLoginPageTest" time="0.0">
    <ignored/>
  </testcase> <!-- specialistLoginPageTest -->
</testsuite> <!-- Default test -->
