<?xml version="1.0" encoding="UTF-8"?>
<!-- Generated by org.testng.reporters.JUnitXMLReporter -->
<testsuite ignored="14" hostname="DESKTOP-GQLF889" failures="0" tests="5" name="smoke" time="24.339" errors="0" timestamp="2021-03-15T10:22:04 EET">
  <testcase classname="Tests.AdminPageTest" name="mainPageTest" time="1.546"/>
  <testcase classname="Tests.ParentPageTest" name="parentLoginPageTest" time="1.216"/>
  <testcase classname="Tests.ParentPageTest" name="parentLogoutTest" time="1.482"/>
  <testcase classname="Tests.SpecialistPageTest" name="specialistLoginPageTest" time="1.944"/>
  <testcase classname="Tests.SpecialistPageTest" name="specialistLogoutPageTest" time="2.15"/>
  <testcase classname="Tests.AdminLockUnlockSpecialistFunctionsTest" name="adminLockUnlockSpecialistFunctions" time="0.0">
    <ignored/>
  </testcase> <!-- adminLockUnlockSpecialistFunctions -->
  <testcase classname="Tests.ChildRegistrationTest" name="pdfUploadTest" time="0.0">
    <ignored/>
  </testcase> <!-- pdfUploadTest -->
  <testcase classname="Tests.ParentAddPersonalDataTest" name="parentAddPersonalDataTest" time="0.0">
    <ignored/>
  </testcase> <!-- parentAddPersonalDataTest -->
  <testcase classname="Tests.KindergartenAddToList" name="uploadKindergarenToList" time="0.0">
    <ignored/>
  </testcase> <!-- uploadKindergarenToList -->
  <testcase classname="Tests.SpecialistPasswordChangeTest" name="specialistPasswordChangeTest" time="0.0">
    <ignored/>
  </testcase> <!-- specialistPasswordChangeTest -->
  <testcase classname="BaseTest.BaseTest" name="@BeforeTest setUp" time="0.0">
    <ignored/>
  </testcase> <!-- @BeforeTest setUp -->
  <testcase classname="BaseTest.BaseTest" name="@BeforeTest setUp" time="0.0">
    <ignored/>
  </testcase> <!-- @BeforeTest setUp -->
  <testcase classname="BaseTest.BaseTest" name="@BeforeTest setUp" time="0.0">
    <ignored/>
  </testcase> <!-- @BeforeTest setUp -->
  <testcase classname="BaseTest.BaseTest" name="@BeforeTest setUp" time="0.0">
    <ignored/>
  </testcase> <!-- @BeforeTest setUp -->
  <testcase classname="BaseTest.BaseTest" name="@BeforeTest setUp" time="0.0">
    <ignored/>
  </testcase> <!-- @BeforeTest setUp -->
  <testcase classname="BaseTest.BaseTest" name="@BeforeTest setUp" time="0.0">
    <ignored/>
  </testcase> <!-- @BeforeTest setUp -->
  <testcase classname="BaseTest.BaseTest" name="@BeforeTest setUp" time="0.0">
    <ignored/>
  </testcase> <!-- @BeforeTest setUp -->
  <testcase classname="BaseTest.BaseTest" name="@BeforeTest setUp" time="0.0">
    <ignored/>
  </testcase> <!-- @BeforeTest setUp -->
  <testcase classname="Tests.SpecialistAddPersonalDataTest" name="specialistAddPersonalDataTest" time="0.0">
    <ignored/>
  </testcase> <!-- specialistAddPersonalDataTest -->
</testsuite> <!-- smoke -->
