<?xml version="1.0" encoding="UTF-8"?>
<testng-results ignored="1" total="2" passed="1" failed="0" skipped="0">
  <reporter-output>
  </reporter-output>
  <suite started-at="2021-02-18T19:57:36 EET" name="Default suite" finished-at="2021-02-18T19:57:44 EET" duration-ms="7463">
    <groups>
    </groups>
    <test started-at="2021-02-18T19:57:36 EET" name="Default test" finished-at="2021-02-18T19:57:44 EET" duration-ms="7463">
      <class name="Tests.SpecialistPageTest">
        <test-method is-config="true" signature="setUp()[pri:0, instance:Tests.SpecialistPageTest@40cb8df7]" started-at="2021-02-18T19:57:36 EET" name="setUp" finished-at="2021-02-18T19:57:40 EET" duration-ms="3655" status="PASS">
          <reporter-output>
          </reporter-output>
        </test-method> <!-- setUp -->
        <test-method signature="specialistLoginPageTest()[pri:0, instance:Tests.SpecialistPageTest@40cb8df7]" started-at="2021-02-18T19:57:40 EET" name="specialistLoginPageTest" finished-at="2021-02-18T19:57:43 EET" duration-ms="3498" status="PASS">
          <reporter-output>
          </reporter-output>
        </test-method> <!-- specialistLoginPageTest -->
        <test-method is-config="true" signature="tearDown()[pri:0, instance:Tests.SpecialistPageTest@40cb8df7]" started-at="2021-02-18T19:57:43 EET" name="tearDown" finished-at="2021-02-18T19:57:44 EET" duration-ms="246" status="PASS">
          <reporter-output>
          </reporter-output>
        </test-method> <!-- tearDown -->
      </class> <!-- Tests.SpecialistPageTest -->
    </test> <!-- Default test -->
  </suite> <!-- Default suite -->
</testng-results>
