<?xml version="1.0" encoding="UTF-8"?>
<testng-results ignored="0" total="1" passed="1" failed="0" skipped="0">
  <reporter-output>
  </reporter-output>
  <suite started-at="2021-03-10T16:10:25 EET" name="Default suite" finished-at="2021-03-10T16:10:30 EET" duration-ms="4722">
    <groups>
      <group name="smoke">
        <method signature="AdminPageTest.mainPageTest()[pri:0, instance:Tests.AdminPageTest@37858383]" name="mainPageTest" class="Tests.AdminPageTest"/>
      </group> <!-- smoke -->
    </groups>
    <test started-at="2021-03-10T16:10:25 EET" name="Default test" finished-at="2021-03-10T16:10:30 EET" duration-ms="4722">
      <class name="Tests.AdminPageTest">
        <test-method is-config="true" signature="setUp()[pri:0, instance:Tests.AdminPageTest@37858383]" started-at="2021-03-10T16:10:25 EET" name="setUp" finished-at="2021-03-10T16:10:25 EET" duration-ms="11" status="PASS">
          <reporter-output>
          </reporter-output>
        </test-method> <!-- setUp -->
        <test-method is-config="true" signature="openHomePage()[pri:0, instance:Tests.AdminPageTest@37858383]" started-at="2021-03-10T16:10:25 EET" name="openHomePage" finished-at="2021-03-10T16:10:29 EET" duration-ms="3424" status="PASS">
          <reporter-output>
          </reporter-output>
        </test-method> <!-- openHomePage -->
        <test-method signature="mainPageTest()[pri:0, instance:Tests.AdminPageTest@37858383]" started-at="2021-03-10T16:10:29 EET" name="mainPageTest" finished-at="2021-03-10T16:10:30 EET" duration-ms="1225" status="PASS">
          <reporter-output>
          </reporter-output>
        </test-method> <!-- mainPageTest -->
        <test-method is-config="true" signature="tearDown()[pri:0, instance:Tests.AdminPageTest@37858383]" started-at="2021-03-10T16:10:30 EET" name="tearDown" finished-at="2021-03-10T16:10:30 EET" duration-ms="14" status="PASS">
          <reporter-output>
          </reporter-output>
        </test-method> <!-- tearDown -->
      </class> <!-- Tests.AdminPageTest -->
    </test> <!-- Default test -->
  </suite> <!-- Default suite -->
</testng-results>
