<?xml version="1.0" encoding="UTF-8"?>
<testng-results ignored="0" total="1" passed="1" failed="0" skipped="0">
  <reporter-output>
  </reporter-output>
  <suite started-at="2021-03-12T09:28:18 EET" name="Default suite" finished-at="2021-03-12T09:28:28 EET" duration-ms="10493">
    <groups>
    </groups>
    <test started-at="2021-03-12T09:28:18 EET" name="Default test" finished-at="2021-03-12T09:28:28 EET" duration-ms="10493">
      <class name="Tests.AdminLockUnlockSpecialistFunctionsTest">
        <test-method is-config="true" signature="setUp()[pri:0, instance:Tests.AdminLockUnlockSpecialistFunctionsTest@2525ff7e]" started-at="2021-03-12T09:28:18 EET" name="setUp" finished-at="2021-03-12T09:28:18 EET" duration-ms="9" status="PASS">
          <reporter-output>
          </reporter-output>
        </test-method> <!-- setUp -->
        <test-method is-config="true" signature="openHomePage()[pri:0, instance:Tests.AdminLockUnlockSpecialistFunctionsTest@2525ff7e]" started-at="2021-03-12T09:28:18 EET" name="openHomePage" finished-at="2021-03-12T09:28:21 EET" duration-ms="3598" status="PASS">
          <reporter-output>
          </reporter-output>
        </test-method> <!-- openHomePage -->
        <test-method signature="adminLockUnlockSpecialistFunctions()[pri:0, instance:Tests.AdminLockUnlockSpecialistFunctionsTest@2525ff7e]" started-at="2021-03-12T09:28:21 EET" name="adminLockUnlockSpecialistFunctions" finished-at="2021-03-12T09:28:28 EET" duration-ms="6441" status="PASS">
          <reporter-output>
          </reporter-output>
        </test-method> <!-- adminLockUnlockSpecialistFunctions -->
        <test-method is-config="true" signature="tearDown()[pri:0, instance:Tests.AdminLockUnlockSpecialistFunctionsTest@2525ff7e]" started-at="2021-03-12T09:28:28 EET" name="tearDown" finished-at="2021-03-12T09:28:28 EET" duration-ms="398" status="PASS">
          <reporter-output>
          </reporter-output>
        </test-method> <!-- tearDown -->
      </class> <!-- Tests.AdminLockUnlockSpecialistFunctionsTest -->
    </test> <!-- Default test -->
  </suite> <!-- Default suite -->
</testng-results>
