<?xml version="1.0" encoding="UTF-8"?>
<testng-results ignored="1" total="2" passed="1" failed="0" skipped="0">
  <reporter-output>
  </reporter-output>
  <suite started-at="2021-02-12T09:02:35 EET" name="Default suite" finished-at="2021-02-12T09:02:46 EET" duration-ms="10494">
    <groups>
    </groups>
    <test started-at="2021-02-12T09:02:35 EET" name="Default test" finished-at="2021-02-12T09:02:46 EET" duration-ms="10494">
      <class name="Tests.ParentPageTest">
        <test-method is-config="true" signature="setUp()[pri:0, instance:Tests.ParentPageTest@40cb8df7]" started-at="2021-02-12T09:02:35 EET" name="setUp" finished-at="2021-02-12T09:02:42 EET" duration-ms="6704" status="PASS">
          <reporter-output>
          </reporter-output>
        </test-method> <!-- setUp -->
        <test-method signature="mainParentPageTest()[pri:0, instance:Tests.ParentPageTest@40cb8df7]" started-at="2021-02-12T09:02:42 EET" name="mainParentPageTest" finished-at="2021-02-12T09:02:46 EET" duration-ms="3497" status="PASS">
          <reporter-output>
          </reporter-output>
        </test-method> <!-- mainParentPageTest -->
        <test-method is-config="true" signature="tearDown()[pri:0, instance:Tests.ParentPageTest@40cb8df7]" started-at="2021-02-12T09:02:46 EET" name="tearDown" finished-at="2021-02-12T09:02:46 EET" duration-ms="245" status="PASS">
          <reporter-output>
          </reporter-output>
        </test-method> <!-- tearDown -->
      </class> <!-- Tests.ParentPageTest -->
    </test> <!-- Default test -->
  </suite> <!-- Default suite -->
</testng-results>
