<?xml version="1.0" encoding="UTF-8"?>
<testng-results ignored="14" total="19" passed="5" failed="0" skipped="0">
  <reporter-output>
  </reporter-output>
  <suite started-at="2021-03-11T22:24:47 EET" name="RegressionTests" finished-at="2021-03-11T22:25:40 EET" duration-ms="53172">
    <groups>
      <group name="regression">
        <method signature="ChildRegistrationTest.pdfUploadTest()[pri:0, instance:Tests.ChildRegistrationTest@59af0466]" name="pdfUploadTest" class="Tests.ChildRegistrationTest"/>
        <method signature="KindergartenAddToList.uploadKindergarenToList()[pri:0, instance:Tests.KindergartenAddToList@3e6ef8ad]" name="uploadKindergarenToList" class="Tests.KindergartenAddToList"/>
        <method signature="ParentAddPersonalDataTest.parentAddPersonalDataTest()[pri:0, instance:Tests.ParentAddPersonalDataTest@346d61be]" name="parentAddPersonalDataTest" class="Tests.ParentAddPersonalDataTest"/>
        <method signature="SpecialistAddPersonalDataTest.specialistAddPersonalDataTest()[pri:0, instance:Tests.SpecialistAddPersonalDataTest@55536d9e]" name="specialistAddPersonalDataTest" class="Tests.SpecialistAddPersonalDataTest"/>
        <method signature="SpecialistPasswordChangeTest.specialistPasswordChangeTest()[pri:0, instance:Tests.SpecialistPasswordChangeTest@747edf66]" name="specialistPasswordChangeTest" class="Tests.SpecialistPasswordChangeTest"/>
      </group> <!-- regression -->
    </groups>
    <test started-at="2021-03-11T22:24:47 EET" name="regression" finished-at="2021-03-11T22:25:40 EET" duration-ms="53172">
      <class name="Tests.ChildRegistrationTest">
        <test-method is-config="true" signature="openHomePage()[pri:0, instance:Tests.ChildRegistrationTest@59af0466]" started-at="2021-03-11T22:24:47 EET" name="openHomePage" finished-at="2021-03-11T22:24:50 EET" duration-ms="3514" status="PASS">
          <reporter-output>
          </reporter-output>
        </test-method> <!-- openHomePage -->
        <test-method signature="pdfUploadTest()[pri:0, instance:Tests.ChildRegistrationTest@59af0466]" started-at="2021-03-11T22:24:50 EET" name="pdfUploadTest" finished-at="2021-03-11T22:25:09 EET" duration-ms="18742" status="PASS">
          <reporter-output>
          </reporter-output>
        </test-method> <!-- pdfUploadTest -->
        <test-method is-config="true" signature="tearDown()[pri:0, instance:Tests.ChildRegistrationTest@59af0466]" started-at="2021-03-11T22:25:09 EET" name="tearDown" finished-at="2021-03-11T22:25:09 EET" duration-ms="286" status="PASS">
          <reporter-output>
          </reporter-output>
        </test-method> <!-- tearDown -->
      </class> <!-- Tests.ChildRegistrationTest -->
      <class name="Tests.ParentAddPersonalDataTest">
        <test-method is-config="true" signature="openHomePage()[pri:0, instance:Tests.ParentAddPersonalDataTest@346d61be]" started-at="2021-03-11T22:25:15 EET" name="openHomePage" finished-at="2021-03-11T22:25:18 EET" duration-ms="2785" status="PASS">
          <reporter-output>
          </reporter-output>
        </test-method> <!-- openHomePage -->
        <test-method signature="parentAddPersonalDataTest()[pri:0, instance:Tests.ParentAddPersonalDataTest@346d61be]" started-at="2021-03-11T22:25:18 EET" name="parentAddPersonalDataTest" finished-at="2021-03-11T22:25:20 EET" duration-ms="2486" status="PASS">
          <reporter-output>
          </reporter-output>
        </test-method> <!-- parentAddPersonalDataTest -->
        <test-method is-config="true" signature="tearDown()[pri:0, instance:Tests.ParentAddPersonalDataTest@346d61be]" started-at="2021-03-11T22:25:20 EET" name="tearDown" finished-at="2021-03-11T22:25:21 EET" duration-ms="269" status="PASS">
          <reporter-output>
          </reporter-output>
        </test-method> <!-- tearDown -->
      </class> <!-- Tests.ParentAddPersonalDataTest -->
      <class name="Tests.AdminLockUnlockSpecialistFunctionsTest">
        <test-method is-config="true" signature="setUp()[pri:0, instance:Tests.AdminLockUnlockSpecialistFunctionsTest@77eca502]" started-at="2021-03-11T22:24:47 EET" name="setUp" finished-at="2021-03-11T22:24:47 EET" duration-ms="12" status="PASS">
          <reporter-output>
          </reporter-output>
        </test-method> <!-- setUp -->
      </class> <!-- Tests.AdminLockUnlockSpecialistFunctionsTest -->
      <class name="Tests.SpecialistAddPersonalDataTest">
        <test-method is-config="true" signature="openHomePage()[pri:0, instance:Tests.SpecialistAddPersonalDataTest@55536d9e]" started-at="2021-03-11T22:25:21 EET" name="openHomePage" finished-at="2021-03-11T22:25:23 EET" duration-ms="2793" status="PASS">
          <reporter-output>
          </reporter-output>
        </test-method> <!-- openHomePage -->
        <test-method signature="specialistAddPersonalDataTest()[pri:0, instance:Tests.SpecialistAddPersonalDataTest@55536d9e]" started-at="2021-03-11T22:25:23 EET" name="specialistAddPersonalDataTest" finished-at="2021-03-11T22:25:26 EET" duration-ms="2704" status="PASS">
          <reporter-output>
          </reporter-output>
        </test-method> <!-- specialistAddPersonalDataTest -->
        <test-method is-config="true" signature="tearDown()[pri:0, instance:Tests.SpecialistAddPersonalDataTest@55536d9e]" started-at="2021-03-11T22:25:26 EET" name="tearDown" finished-at="2021-03-11T22:25:26 EET" duration-ms="270" status="PASS">
          <reporter-output>
          </reporter-output>
        </test-method> <!-- tearDown -->
      </class> <!-- Tests.SpecialistAddPersonalDataTest -->
      <class name="Tests.SpecialistPasswordChangeTest">
        <test-method is-config="true" signature="openHomePage()[pri:0, instance:Tests.SpecialistPasswordChangeTest@747edf66]" started-at="2021-03-11T22:25:26 EET" name="openHomePage" finished-at="2021-03-11T22:25:29 EET" duration-ms="2938" status="PASS">
          <reporter-output>
          </reporter-output>
        </test-method> <!-- openHomePage -->
        <test-method signature="specialistPasswordChangeTest()[pri:0, instance:Tests.SpecialistPasswordChangeTest@747edf66]" started-at="2021-03-11T22:25:29 EET" name="specialistPasswordChangeTest" finished-at="2021-03-11T22:25:39 EET" duration-ms="10151" status="PASS">
          <reporter-output>
          </reporter-output>
        </test-method> <!-- specialistPasswordChangeTest -->
        <test-method is-config="true" signature="tearDown()[pri:0, instance:Tests.SpecialistPasswordChangeTest@747edf66]" started-at="2021-03-11T22:25:40 EET" name="tearDown" finished-at="2021-03-11T22:25:40 EET" duration-ms="328" status="PASS">
          <reporter-output>
          </reporter-output>
        </test-method> <!-- tearDown -->
      </class> <!-- Tests.SpecialistPasswordChangeTest -->
      <class name="Tests.KindergartenAddToList">
        <test-method is-config="true" signature="openHomePage()[pri:0, instance:Tests.KindergartenAddToList@3e6ef8ad]" started-at="2021-03-11T22:25:09 EET" name="openHomePage" finished-at="2021-03-11T22:25:12 EET" duration-ms="2820" status="PASS">
          <reporter-output>
          </reporter-output>
        </test-method> <!-- openHomePage -->
        <test-method signature="uploadKindergarenToList()[pri:0, instance:Tests.KindergartenAddToList@3e6ef8ad]" started-at="2021-03-11T22:25:12 EET" name="uploadKindergarenToList" finished-at="2021-03-11T22:25:15 EET" duration-ms="2683" status="PASS">
          <reporter-output>
          </reporter-output>
        </test-method> <!-- uploadKindergarenToList -->
        <test-method is-config="true" signature="tearDown()[pri:0, instance:Tests.KindergartenAddToList@3e6ef8ad]" started-at="2021-03-11T22:25:15 EET" name="tearDown" finished-at="2021-03-11T22:25:15 EET" duration-ms="331" status="PASS">
          <reporter-output>
          </reporter-output>
        </test-method> <!-- tearDown -->
      </class> <!-- Tests.KindergartenAddToList -->
    </test> <!-- regression -->
  </suite> <!-- RegressionTests -->
</testng-results>
