<?xml version="1.0" encoding="UTF-8"?>
<testng-results ignored="0" total="1" passed="0" failed="1" skipped="0">
  <reporter-output>
  </reporter-output>
  <suite started-at="2021-03-14T23:42:30 EET" name="Default suite" finished-at="2021-03-14T23:42:56 EET" duration-ms="26002">
    <groups>
      <group name="regression">
        <method signature="ChildRegistrationTest.pdfUploadTest()[pri:0, instance:Tests.ChildRegistrationTest@37858383]" name="pdfUploadTest" class="Tests.ChildRegistrationTest"/>
      </group> <!-- regression -->
    </groups>
    <test started-at="2021-03-14T23:42:30 EET" name="Default test" finished-at="2021-03-14T23:42:56 EET" duration-ms="26002">
      <class name="Tests.ChildRegistrationTest">
        <test-method is-config="true" signature="setUp()[pri:0, instance:Tests.ChildRegistrationTest@37858383]" started-at="2021-03-14T23:42:30 EET" name="setUp" finished-at="2021-03-14T23:42:30 EET" duration-ms="11" status="PASS">
          <reporter-output>
          </reporter-output>
        </test-method> <!-- setUp -->
        <test-method is-config="true" signature="openHomePage()[pri:0, instance:Tests.ChildRegistrationTest@37858383]" started-at="2021-03-14T23:42:30 EET" name="openHomePage" finished-at="2021-03-14T23:42:33 EET" duration-ms="3145" status="PASS">
          <reporter-output>
          </reporter-output>
        </test-method> <!-- openHomePage -->
        <test-method signature="pdfUploadTest()[pri:0, instance:Tests.ChildRegistrationTest@37858383]" started-at="2021-03-14T23:42:33 EET" name="pdfUploadTest" finished-at="2021-03-14T23:42:56 EET" duration-ms="22793" status="PASS">
          <reporter-output>
          </reporter-output>
        </test-method> <!-- pdfUploadTest -->
        <test-method is-config="true" signature="tearDown()[pri:0, instance:Tests.ChildRegistrationTest@37858383]" started-at="2021-03-14T23:42:56 EET" name="tearDown" finished-at="2021-03-14T23:42:56 EET" duration-ms="15" status="PASS">
          <reporter-output>
          </reporter-output>
        </test-method> <!-- tearDown -->
      </class> <!-- Tests.ChildRegistrationTest -->
    </test> <!-- Default test -->
  </suite> <!-- Default suite -->
</testng-results>
