<?xml version="1.0" encoding="UTF-8"?>
<testng-results ignored="0" total="1" passed="1" failed="0" skipped="0">
  <reporter-output>
  </reporter-output>
  <suite started-at="2021-03-11T16:18:53 EET" name="Default suite" finished-at="2021-03-11T16:18:59 EET" duration-ms="6706">
    <groups>
      <group name="regression">
        <method signature="KindergartenAddToList.uploadKindergarenToList()[pri:0, instance:Tests.KindergartenAddToList@3246fb96]" name="uploadKindergarenToList" class="Tests.KindergartenAddToList"/>
      </group> <!-- regression -->
    </groups>
    <test started-at="2021-03-11T16:18:53 EET" name="Default test" finished-at="2021-03-11T16:18:59 EET" duration-ms="6706">
      <class name="Tests.KindergartenAddToList">
        <test-method is-config="true" signature="setUp()[pri:0, instance:Tests.KindergartenAddToList@3246fb96]" started-at="2021-03-11T16:18:53 EET" name="setUp" finished-at="2021-03-11T16:18:53 EET" duration-ms="13" status="PASS">
          <reporter-output>
          </reporter-output>
        </test-method> <!-- setUp -->
        <test-method is-config="true" signature="openHomePage()[pri:0, instance:Tests.KindergartenAddToList@3246fb96]" started-at="2021-03-11T16:18:53 EET" name="openHomePage" finished-at="2021-03-11T16:18:56 EET" duration-ms="3528" status="PASS">
          <reporter-output>
          </reporter-output>
        </test-method> <!-- openHomePage -->
        <test-method signature="uploadKindergarenToList()[pri:0, instance:Tests.KindergartenAddToList@3246fb96]" started-at="2021-03-11T16:18:56 EET" name="uploadKindergarenToList" finished-at="2021-03-11T16:18:59 EET" duration-ms="3094" status="PASS">
          <reporter-output>
          </reporter-output>
        </test-method> <!-- uploadKindergarenToList -->
        <test-method is-config="true" signature="tearDown()[pri:0, instance:Tests.KindergartenAddToList@3246fb96]" started-at="2021-03-11T16:18:59 EET" name="tearDown" finished-at="2021-03-11T16:18:59 EET" duration-ms="16" status="PASS">
          <reporter-output>
          </reporter-output>
        </test-method> <!-- tearDown -->
      </class> <!-- Tests.KindergartenAddToList -->
    </test> <!-- Default test -->
  </suite> <!-- Default suite -->
</testng-results>
