<?xml version="1.0" encoding="UTF-8"?>
<testng-results ignored="0" total="1" passed="1" failed="0" skipped="0">
  <reporter-output>
  </reporter-output>
  <suite started-at="2021-02-19T14:20:20 EET" name="Default suite" finished-at="2021-02-19T14:20:28 EET" duration-ms="8106">
    <groups>
    </groups>
    <test started-at="2021-02-19T14:20:20 EET" name="Default test" finished-at="2021-02-19T14:20:28 EET" duration-ms="8106">
      <class name="Tests.AdminPageTest">
        <test-method is-config="true" signature="setUp()[pri:0, instance:Tests.AdminPageTest@44a7bfbc]" started-at="2021-02-19T14:20:20 EET" name="setUp" finished-at="2021-02-19T14:20:24 EET" duration-ms="3598" status="PASS">
          <reporter-output>
          </reporter-output>
        </test-method> <!-- setUp -->
        <test-method signature="mainPageTest()[pri:0, instance:Tests.AdminPageTest@44a7bfbc]" started-at="2021-02-19T14:20:24 EET" name="mainPageTest" finished-at="2021-02-19T14:20:27 EET" duration-ms="3878" status="PASS">
          <reporter-output>
          </reporter-output>
        </test-method> <!-- mainPageTest -->
        <test-method is-config="true" signature="tearDown()[pri:0, instance:Tests.AdminPageTest@44a7bfbc]" started-at="2021-02-19T14:20:28 EET" name="tearDown" finished-at="2021-02-19T14:20:28 EET" duration-ms="578" status="PASS">
          <reporter-output>
          </reporter-output>
        </test-method> <!-- tearDown -->
      </class> <!-- Tests.AdminPageTest -->
    </test> <!-- Default test -->
  </suite> <!-- Default suite -->
</testng-results>
