<?xml version="1.0" encoding="UTF-8"?>
<testng-results ignored="0" total="1" passed="1" failed="0" skipped="0">
  <reporter-output>
  </reporter-output>
  <suite started-at="2021-02-23T20:15:13 EET" name="Default suite" finished-at="2021-02-23T20:15:25 EET" duration-ms="11694">
    <groups>
    </groups>
    <test started-at="2021-02-23T20:15:13 EET" name="Default test" finished-at="2021-02-23T20:15:25 EET" duration-ms="11694">
      <class name="Tests.SpecialistPasswordChangeTest">
        <test-method is-config="true" signature="setUp()[pri:0, instance:Tests.SpecialistPasswordChangeTest@7671cb68]" started-at="2021-02-23T20:15:14 EET" name="setUp" finished-at="2021-02-23T20:15:17 EET" duration-ms="3183" status="PASS">
          <reporter-output>
          </reporter-output>
        </test-method> <!-- setUp -->
        <test-method signature="specialistPasswordChangeTest()[pri:0, instance:Tests.SpecialistPasswordChangeTest@7671cb68]" started-at="2021-02-23T20:15:17 EET" name="specialistPasswordChangeTest" finished-at="2021-02-23T20:15:25 EET" duration-ms="8374" status="PASS">
          <reporter-output>
          </reporter-output>
        </test-method> <!-- specialistPasswordChangeTest -->
        <test-method is-config="true" signature="tearDown()[pri:0, instance:Tests.SpecialistPasswordChangeTest@7671cb68]" started-at="2021-02-23T20:15:25 EET" name="tearDown" finished-at="2021-02-23T20:15:25 EET" duration-ms="90" status="PASS">
          <reporter-output>
          </reporter-output>
        </test-method> <!-- tearDown -->
      </class> <!-- Tests.SpecialistPasswordChangeTest -->
    </test> <!-- Default test -->
  </suite> <!-- Default suite -->
</testng-results>
