<?xml version="1.0" encoding="UTF-8"?>
<testng-results ignored="0" total="1" passed="1" failed="0" skipped="0">
  <reporter-output>
  </reporter-output>
  <suite started-at="2021-03-01T14:39:07 EET" name="Default suite" finished-at="2021-03-01T14:39:12 EET" duration-ms="4849">
    <groups>
    </groups>
    <test started-at="2021-03-01T14:39:07 EET" name="Default test" finished-at="2021-03-01T14:39:12 EET" duration-ms="4849">
      <class name="Tests.KindergartenAddToList">
        <test-method is-config="true" signature="setUp()[pri:0, instance:Tests.KindergartenAddToList@1bb266b3]" started-at="2021-03-01T14:39:07 EET" name="setUp" finished-at="2021-03-01T14:39:10 EET" duration-ms="3244" status="PASS">
          <reporter-output>
          </reporter-output>
        </test-method> <!-- setUp -->
        <test-method signature="f()[pri:0, instance:Tests.KindergartenAddToList@1bb266b3]" started-at="2021-03-01T14:39:10 EET" name="f" finished-at="2021-03-01T14:39:12 EET" duration-ms="1547" status="PASS">
          <reporter-output>
          </reporter-output>
        </test-method> <!-- f -->
        <test-method is-config="true" signature="tearDown()[pri:0, instance:Tests.KindergartenAddToList@1bb266b3]" started-at="2021-03-01T14:39:12 EET" name="tearDown" finished-at="2021-03-01T14:39:12 EET" duration-ms="14" status="PASS">
          <reporter-output>
          </reporter-output>
        </test-method> <!-- tearDown -->
      </class> <!-- Tests.KindergartenAddToList -->
    </test> <!-- Default test -->
  </suite> <!-- Default suite -->
</testng-results>
