<?xml version="1.0" encoding="UTF-8"?>
<testng-results ignored="1" total="2" passed="1" failed="0" skipped="0">
  <reporter-output>
  </reporter-output>
  <suite started-at="2021-02-12T14:47:25 EET" name="Default suite" finished-at="2021-02-12T14:47:33 EET" duration-ms="7551">
    <groups>
    </groups>
    <test started-at="2021-02-12T14:47:25 EET" name="Default test" finished-at="2021-02-12T14:47:33 EET" duration-ms="7551">
      <class name="Tests.SpecialistPageTest">
        <test-method is-config="true" signature="setUp()[pri:0, instance:Tests.SpecialistPageTest@40cb8df7]" started-at="2021-02-12T14:47:25 EET" name="setUp" finished-at="2021-02-12T14:47:29 EET" duration-ms="3413" status="PASS">
          <reporter-output>
          </reporter-output>
        </test-method> <!-- setUp -->
        <test-method signature="specialistLogputPageTest()[pri:0, instance:Tests.SpecialistPageTest@40cb8df7]" started-at="2021-02-12T14:47:29 EET" name="specialistLogputPageTest" finished-at="2021-02-12T14:47:33 EET" duration-ms="3801" status="PASS">
          <reporter-output>
          </reporter-output>
        </test-method> <!-- specialistLogputPageTest -->
        <test-method is-config="true" signature="tearDown()[pri:0, instance:Tests.SpecialistPageTest@40cb8df7]" started-at="2021-02-12T14:47:33 EET" name="tearDown" finished-at="2021-02-12T14:47:33 EET" duration-ms="270" status="PASS">
          <reporter-output>
          </reporter-output>
        </test-method> <!-- tearDown -->
      </class> <!-- Tests.SpecialistPageTest -->
    </test> <!-- Default test -->
  </suite> <!-- Default suite -->
</testng-results>
