<?xml version="1.0" encoding="UTF-8"?>
<testng-results ignored="1" total="2" passed="1" failed="0" skipped="0">
  <reporter-output>
  </reporter-output>
  <suite started-at="2021-03-01T18:51:25 EET" name="Default suite" finished-at="2021-03-01T18:51:33 EET" duration-ms="7817">
    <groups>
    </groups>
    <test started-at="2021-03-01T18:51:25 EET" name="Default test" finished-at="2021-03-01T18:51:33 EET" duration-ms="7817">
      <class name="Tests.ParentPageTest">
        <test-method is-config="true" signature="setUp()[pri:0, instance:Tests.ParentPageTest@5939a379]" started-at="2021-03-01T18:51:25 EET" name="setUp" finished-at="2021-03-01T18:51:29 EET" duration-ms="3825" status="PASS">
          <reporter-output>
          </reporter-output>
        </test-method> <!-- setUp -->
        <test-method signature="parentLoginPageTest()[pri:0, instance:Tests.ParentPageTest@5939a379]" started-at="2021-03-01T18:51:29 EET" name="parentLoginPageTest" finished-at="2021-03-01T18:51:33 EET" duration-ms="3697" status="PASS">
          <reporter-output>
          </reporter-output>
        </test-method> <!-- parentLoginPageTest -->
        <test-method is-config="true" signature="tearDown()[pri:0, instance:Tests.ParentPageTest@5939a379]" started-at="2021-03-01T18:51:33 EET" name="tearDown" finished-at="2021-03-01T18:51:33 EET" duration-ms="223" status="PASS">
          <reporter-output>
          </reporter-output>
        </test-method> <!-- tearDown -->
      </class> <!-- Tests.ParentPageTest -->
    </test> <!-- Default test -->
  </suite> <!-- Default suite -->
</testng-results>
