<?xml version="1.0" encoding="UTF-8"?>
<testng-results ignored="0" total="1" passed="1" failed="0" skipped="0">
  <reporter-output>
  </reporter-output>
  <suite started-at="2021-03-17T10:15:31 EET" name="Default suite" finished-at="2021-03-17T10:15:43 EET" duration-ms="12092">
    <groups>
      <group name="regression">
        <method signature="ParentDeleteApplicationformTest.parentDeleteAplicationform()[pri:0, instance:Tests.ParentDeleteApplicationformTest@37858383]" name="parentDeleteAplicationform" class="Tests.ParentDeleteApplicationformTest"/>
      </group> <!-- regression -->
    </groups>
    <test started-at="2021-03-17T10:15:31 EET" name="Default test" finished-at="2021-03-17T10:15:43 EET" duration-ms="12092">
      <class name="Tests.ParentDeleteApplicationformTest">
        <test-method is-config="true" signature="setUp()[pri:0, instance:Tests.ParentDeleteApplicationformTest@37858383]" started-at="2021-03-17T10:15:31 EET" name="setUp" finished-at="2021-03-17T10:15:31 EET" duration-ms="13" status="PASS">
          <reporter-output>
          </reporter-output>
        </test-method> <!-- setUp -->
        <test-method is-config="true" signature="openHomePage()[pri:0, instance:Tests.ParentDeleteApplicationformTest@37858383]" started-at="2021-03-17T10:15:31 EET" name="openHomePage" finished-at="2021-03-17T10:15:35 EET" duration-ms="3910" status="PASS">
          <reporter-output>
          </reporter-output>
        </test-method> <!-- openHomePage -->
        <test-method signature="parentDeleteAplicationform()[pri:0, instance:Tests.ParentDeleteApplicationformTest@37858383]" started-at="2021-03-17T10:15:35 EET" name="parentDeleteAplicationform" finished-at="2021-03-17T10:15:43 EET" duration-ms="7721" status="PASS">
          <reporter-output>
          </reporter-output>
        </test-method> <!-- parentDeleteAplicationform -->
        <test-method is-config="true" signature="tearDown()[pri:0, instance:Tests.ParentDeleteApplicationformTest@37858383]" started-at="2021-03-17T10:15:43 EET" name="tearDown" finished-at="2021-03-17T10:15:43 EET" duration-ms="393" status="PASS">
          <reporter-output>
          </reporter-output>
        </test-method> <!-- tearDown -->
      </class> <!-- Tests.ParentDeleteApplicationformTest -->
    </test> <!-- Default test -->
  </suite> <!-- Default suite -->
</testng-results>
