<?xml version="1.0" encoding="UTF-8"?>
<testng-results ignored="0" total="1" passed="1" failed="0" skipped="0">
  <reporter-output>
  </reporter-output>
  <suite started-at="2021-02-24T17:49:47 EET" name="Default suite" finished-at="2021-02-24T17:49:57 EET" duration-ms="10371">
    <groups>
    </groups>
    <test started-at="2021-02-24T17:49:47 EET" name="Default test" finished-at="2021-02-24T17:49:57 EET" duration-ms="10371">
      <class name="Tests.SpecialistAddPersonalDataTest">
        <test-method is-config="true" signature="setUp()[pri:0, instance:Tests.SpecialistAddPersonalDataTest@2beee7ff]" started-at="2021-02-24T17:49:47 EET" name="setUp" finished-at="2021-02-24T17:49:50 EET" duration-ms="3357" status="PASS">
          <reporter-output>
          </reporter-output>
        </test-method> <!-- setUp -->
        <test-method signature="specialistAddPersonalDataTest()[pri:0, instance:Tests.SpecialistAddPersonalDataTest@2beee7ff]" started-at="2021-02-24T17:49:50 EET" name="specialistAddPersonalDataTest" finished-at="2021-02-24T17:49:57 EET" duration-ms="6493" status="PASS">
          <reporter-output>
          </reporter-output>
        </test-method> <!-- specialistAddPersonalDataTest -->
        <test-method is-config="true" signature="tearDown()[pri:0, instance:Tests.SpecialistAddPersonalDataTest@2beee7ff]" started-at="2021-02-24T17:49:57 EET" name="tearDown" finished-at="2021-02-24T17:49:57 EET" duration-ms="466" status="PASS">
          <reporter-output>
          </reporter-output>
        </test-method> <!-- tearDown -->
      </class> <!-- Tests.SpecialistAddPersonalDataTest -->
    </test> <!-- Default test -->
  </suite> <!-- Default suite -->
</testng-results>
