<?xml version="1.0" encoding="UTF-8"?>
<testng-results ignored="0" total="1" passed="1" failed="0" skipped="0">
  <reporter-output>
  </reporter-output>
  <suite started-at="2021-03-11T17:28:23 EET" name="RegressionTests" finished-at="2021-03-11T17:29:06 EET" duration-ms="42847">
    <groups>
      <group name="regression">
        <method signature="ChildRegistrationTest.pdfUploadTest()[pri:0, instance:Tests.ChildRegistrationTest@34f7cfd9]" name="pdfUploadTest" class="Tests.ChildRegistrationTest"/>
        <method signature="KindergartenAddToList.uploadKindergarenToList()[pri:0, instance:Tests.KindergartenAddToList@65f095f8]" name="uploadKindergarenToList" class="Tests.KindergartenAddToList"/>
        <method signature="ParentAddPersonalDataTest.parentAddPersonalDataTest()[pri:0, instance:Tests.ParentAddPersonalDataTest@59af0466]" name="parentAddPersonalDataTest" class="Tests.ParentAddPersonalDataTest"/>
        <method signature="SpecialistAddPersonalDataTest.specialistAddPersonalDataTest()[pri:0, instance:Tests.SpecialistAddPersonalDataTest@3e6ef8ad]" name="specialistAddPersonalDataTest" class="Tests.SpecialistAddPersonalDataTest"/>
        <method signature="SpecialistPasswordChangeTest.specialistPasswordChangeTest()[pri:0, instance:Tests.SpecialistPasswordChangeTest@346d61be]" name="specialistPasswordChangeTest" class="Tests.SpecialistPasswordChangeTest"/>
      </group> <!-- regression -->
    </groups>
    <test started-at="2021-03-11T17:28:23 EET" name="regression" finished-at="2021-03-11T17:29:06 EET" duration-ms="42847">
      <class name="Tests.ChildRegistrationTest">
        <test-method is-config="true" signature="openHomePage()[pri:0, instance:Tests.ChildRegistrationTest@34f7cfd9]" started-at="2021-03-11T17:28:23 EET" name="openHomePage" finished-at="2021-03-11T17:28:26 EET" duration-ms="3085" status="PASS">
          <reporter-output>
          </reporter-output>
        </test-method> <!-- openHomePage -->
        <test-method signature="pdfUploadTest()[pri:0, instance:Tests.ChildRegistrationTest@34f7cfd9]" started-at="2021-03-11T17:28:26 EET" name="pdfUploadTest" finished-at="2021-03-11T17:28:44 EET" duration-ms="18098" status="PASS">
          <reporter-output>
          </reporter-output>
        </test-method> <!-- pdfUploadTest -->
        <test-method is-config="true" signature="tearDown()[pri:0, instance:Tests.ChildRegistrationTest@34f7cfd9]" started-at="2021-03-11T17:28:44 EET" name="tearDown" finished-at="2021-03-11T17:28:44 EET" duration-ms="107" status="PASS">
          <reporter-output>
          </reporter-output>
        </test-method> <!-- tearDown -->
      </class> <!-- Tests.ChildRegistrationTest -->
      <class name="Tests.ParentAddPersonalDataTest">
        <test-method is-config="true" signature="openHomePage()[pri:0, instance:Tests.ParentAddPersonalDataTest@59af0466]" started-at="2021-03-11T17:28:49 EET" name="openHomePage" finished-at="2021-03-11T17:28:51 EET" duration-ms="2557" status="PASS">
          <reporter-output>
          </reporter-output>
        </test-method> <!-- openHomePage -->
        <test-method signature="parentAddPersonalDataTest()[pri:0, instance:Tests.ParentAddPersonalDataTest@59af0466]" started-at="2021-03-11T17:28:51 EET" name="parentAddPersonalDataTest" finished-at="2021-03-11T17:28:54 EET" duration-ms="2845" status="PASS">
          <reporter-output>
          </reporter-output>
        </test-method> <!-- parentAddPersonalDataTest -->
        <test-method is-config="true" signature="tearDown()[pri:0, instance:Tests.ParentAddPersonalDataTest@59af0466]" started-at="2021-03-11T17:28:54 EET" name="tearDown" finished-at="2021-03-11T17:28:54 EET" duration-ms="157" status="PASS">
          <reporter-output>
          </reporter-output>
        </test-method> <!-- tearDown -->
      </class> <!-- Tests.ParentAddPersonalDataTest -->
      <class name="Tests.SpecialistAddPersonalDataTest">
        <test-method is-config="true" signature="openHomePage()[pri:0, instance:Tests.SpecialistAddPersonalDataTest@3e6ef8ad]" started-at="2021-03-11T17:28:54 EET" name="openHomePage" finished-at="2021-03-11T17:28:57 EET" duration-ms="2692" status="PASS">
          <reporter-output>
          </reporter-output>
        </test-method> <!-- openHomePage -->
        <test-method signature="specialistAddPersonalDataTest()[pri:0, instance:Tests.SpecialistAddPersonalDataTest@3e6ef8ad]" started-at="2021-03-11T17:28:57 EET" name="specialistAddPersonalDataTest" finished-at="2021-03-11T17:28:59 EET" duration-ms="2404" status="PASS">
          <reporter-output>
          </reporter-output>
        </test-method> <!-- specialistAddPersonalDataTest -->
        <test-method is-config="true" signature="tearDown()[pri:0, instance:Tests.SpecialistAddPersonalDataTest@3e6ef8ad]" started-at="2021-03-11T17:28:59 EET" name="tearDown" finished-at="2021-03-11T17:29:00 EET" duration-ms="227" status="PASS">
          <reporter-output>
          </reporter-output>
        </test-method> <!-- tearDown -->
      </class> <!-- Tests.SpecialistAddPersonalDataTest -->
      <class name="Tests.SpecialistPasswordChangeTest">
        <test-method is-config="true" signature="openHomePage()[pri:0, instance:Tests.SpecialistPasswordChangeTest@346d61be]" started-at="2021-03-11T17:29:00 EET" name="openHomePage" finished-at="2021-03-11T17:29:02 EET" duration-ms="2745" status="PASS">
          <reporter-output>
          </reporter-output>
        </test-method> <!-- openHomePage -->
        <test-method signature="specialistPasswordChangeTest()[pri:0, instance:Tests.SpecialistPasswordChangeTest@346d61be]" started-at="2021-03-11T17:29:02 EET" name="specialistPasswordChangeTest" finished-at="2021-03-11T17:29:06 EET" duration-ms="3314" status="PASS">
          <reporter-output>
          </reporter-output>
        </test-method> <!-- specialistPasswordChangeTest -->
        <test-method is-config="true" signature="tearDown()[pri:0, instance:Tests.SpecialistPasswordChangeTest@346d61be]" started-at="2021-03-11T17:29:06 EET" name="tearDown" finished-at="2021-03-11T17:29:06 EET" duration-ms="238" status="PASS">
          <reporter-output>
          </reporter-output>
        </test-method> <!-- tearDown -->
      </class> <!-- Tests.SpecialistPasswordChangeTest -->
      <class name="Tests.AdminPageTest">
        <test-method is-config="true" signature="setUp()[pri:0, instance:Tests.AdminPageTest@26275bef]" started-at="2021-03-11T17:28:23 EET" name="setUp" finished-at="2021-03-11T17:28:23 EET" duration-ms="14" status="PASS">
          <reporter-output>
          </reporter-output>
        </test-method> <!-- setUp -->
      </class> <!-- Tests.AdminPageTest -->
      <class name="Tests.KindergartenAddToList">
        <test-method is-config="true" signature="openHomePage()[pri:0, instance:Tests.KindergartenAddToList@65f095f8]" started-at="2021-03-11T17:28:44 EET" name="openHomePage" finished-at="2021-03-11T17:28:47 EET" duration-ms="2787" status="PASS">
          <reporter-output>
          </reporter-output>
        </test-method> <!-- openHomePage -->
        <test-method signature="uploadKindergarenToList()[pri:0, instance:Tests.KindergartenAddToList@65f095f8]" started-at="2021-03-11T17:28:47 EET" name="uploadKindergarenToList" finished-at="2021-03-11T17:28:49 EET" duration-ms="1318" status="PASS">
          <reporter-output>
          </reporter-output>
        </test-method> <!-- uploadKindergarenToList -->
        <test-method is-config="true" signature="tearDown()[pri:0, instance:Tests.KindergartenAddToList@65f095f8]" started-at="2021-03-11T17:28:49 EET" name="tearDown" finished-at="2021-03-11T17:28:49 EET" duration-ms="191" status="PASS">
          <reporter-output>
          </reporter-output>
        </test-method> <!-- tearDown -->
      </class> <!-- Tests.KindergartenAddToList -->
    </test> <!-- regression -->
  </suite> <!-- RegressionTests -->
</testng-results>
