<?xml version="1.0" encoding="UTF-8"?>
<testng-results ignored="0" total="1" passed="1" failed="0" skipped="0">
  <reporter-output>
  </reporter-output>
  <suite started-at="2021-03-10T16:30:57 EET" name="SmokeTests" finished-at="2021-03-10T16:31:21 EET" duration-ms="23972">
    <groups>
      <group name="smoke">
        <method signature="AdminPageTest.mainPageTest()[pri:0, instance:Tests.AdminPageTest@26275bef]" name="mainPageTest" class="Tests.AdminPageTest"/>
        <method signature="ParentPageTest.parentLoginPageTest()[pri:0, instance:Tests.ParentPageTest@34f7cfd9]" name="parentLoginPageTest" class="Tests.ParentPageTest"/>
        <method signature="ParentPageTest.parentLogoutTest()[pri:0, instance:Tests.ParentPageTest@34f7cfd9]" name="parentLogoutTest" class="Tests.ParentPageTest"/>
        <method signature="SpecialistPageTest.specialistLoginPageTest()[pri:0, instance:Tests.SpecialistPageTest@65f095f8]" name="specialistLoginPageTest" class="Tests.SpecialistPageTest"/>
        <method signature="SpecialistPageTest.specialistLogoutPageTest()[pri:0, instance:Tests.SpecialistPageTest@65f095f8]" name="specialistLogoutPageTest" class="Tests.SpecialistPageTest"/>
      </group> <!-- smoke -->
    </groups>
    <test started-at="2021-03-10T16:30:57 EET" name="smoke" finished-at="2021-03-10T16:31:21 EET" duration-ms="23972">
      <class name="Tests.ParentPageTest">
        <test-method is-config="true" signature="openHomePage()[pri:0, instance:Tests.ParentPageTest@34f7cfd9]" started-at="2021-03-10T16:31:02 EET" name="openHomePage" finished-at="2021-03-10T16:31:05 EET" duration-ms="2863" status="PASS">
          <reporter-output>
          </reporter-output>
        </test-method> <!-- openHomePage -->
        <test-method signature="parentLoginPageTest()[pri:0, instance:Tests.ParentPageTest@34f7cfd9]" started-at="2021-03-10T16:31:05 EET" name="parentLoginPageTest" finished-at="2021-03-10T16:31:06 EET" duration-ms="896" status="PASS">
          <reporter-output>
          </reporter-output>
        </test-method> <!-- parentLoginPageTest -->
        <test-method is-config="true" signature="tearDown()[pri:0, instance:Tests.ParentPageTest@34f7cfd9]" started-at="2021-03-10T16:31:06 EET" name="tearDown" finished-at="2021-03-10T16:31:07 EET" duration-ms="385" status="PASS">
          <reporter-output>
          </reporter-output>
        </test-method> <!-- tearDown -->
        <test-method is-config="true" signature="openHomePage()[pri:0, instance:Tests.ParentPageTest@34f7cfd9]" started-at="2021-03-10T16:31:07 EET" name="openHomePage" finished-at="2021-03-10T16:31:09 EET" duration-ms="2652" status="PASS">
          <reporter-output>
          </reporter-output>
        </test-method> <!-- openHomePage -->
        <test-method signature="parentLogoutTest()[pri:0, instance:Tests.ParentPageTest@34f7cfd9]" started-at="2021-03-10T16:31:09 EET" name="parentLogoutTest" finished-at="2021-03-10T16:31:10 EET" duration-ms="1198" status="PASS">
          <reporter-output>
          </reporter-output>
        </test-method> <!-- parentLogoutTest -->
        <test-method is-config="true" signature="tearDown()[pri:0, instance:Tests.ParentPageTest@34f7cfd9]" started-at="2021-03-10T16:31:10 EET" name="tearDown" finished-at="2021-03-10T16:31:11 EET" duration-ms="299" status="PASS">
          <reporter-output>
          </reporter-output>
        </test-method> <!-- tearDown -->
      </class> <!-- Tests.ParentPageTest -->
      <class name="Tests.SpecialistPageTest">
        <test-method is-config="true" signature="openHomePage()[pri:0, instance:Tests.SpecialistPageTest@65f095f8]" started-at="2021-03-10T16:31:11 EET" name="openHomePage" finished-at="2021-03-10T16:31:14 EET" duration-ms="2773" status="PASS">
          <reporter-output>
          </reporter-output>
        </test-method> <!-- openHomePage -->
        <test-method signature="specialistLoginPageTest()[pri:0, instance:Tests.SpecialistPageTest@65f095f8]" started-at="2021-03-10T16:31:14 EET" name="specialistLoginPageTest" finished-at="2021-03-10T16:31:15 EET" duration-ms="1003" status="PASS">
          <reporter-output>
          </reporter-output>
        </test-method> <!-- specialistLoginPageTest -->
        <test-method is-config="true" signature="tearDown()[pri:0, instance:Tests.SpecialistPageTest@65f095f8]" started-at="2021-03-10T16:31:15 EET" name="tearDown" finished-at="2021-03-10T16:31:15 EET" duration-ms="368" status="PASS">
          <reporter-output>
          </reporter-output>
        </test-method> <!-- tearDown -->
        <test-method is-config="true" signature="openHomePage()[pri:0, instance:Tests.SpecialistPageTest@65f095f8]" started-at="2021-03-10T16:31:15 EET" name="openHomePage" finished-at="2021-03-10T16:31:19 EET" duration-ms="4559" status="PASS">
          <reporter-output>
          </reporter-output>
        </test-method> <!-- openHomePage -->
        <test-method signature="specialistLogoutPageTest()[pri:0, instance:Tests.SpecialistPageTest@65f095f8]" started-at="2021-03-10T16:31:19 EET" name="specialistLogoutPageTest" finished-at="2021-03-10T16:31:21 EET" duration-ms="1307" status="PASS">
          <reporter-output>
          </reporter-output>
        </test-method> <!-- specialistLogoutPageTest -->
        <test-method is-config="true" signature="tearDown()[pri:0, instance:Tests.SpecialistPageTest@65f095f8]" started-at="2021-03-10T16:31:21 EET" name="tearDown" finished-at="2021-03-10T16:31:21 EET" duration-ms="307" status="PASS">
          <reporter-output>
          </reporter-output>
        </test-method> <!-- tearDown -->
      </class> <!-- Tests.SpecialistPageTest -->
      <class name="Tests.AdminPageTest">
        <test-method is-config="true" signature="setUp()[pri:0, instance:Tests.AdminPageTest@26275bef]" started-at="2021-03-10T16:30:57 EET" name="setUp" finished-at="2021-03-10T16:30:57 EET" duration-ms="13" status="PASS">
          <reporter-output>
          </reporter-output>
        </test-method> <!-- setUp -->
        <test-method is-config="true" signature="openHomePage()[pri:0, instance:Tests.AdminPageTest@26275bef]" started-at="2021-03-10T16:30:57 EET" name="openHomePage" finished-at="2021-03-10T16:31:01 EET" duration-ms="3782" status="PASS">
          <reporter-output>
          </reporter-output>
        </test-method> <!-- openHomePage -->
        <test-method signature="mainPageTest()[pri:0, instance:Tests.AdminPageTest@26275bef]" started-at="2021-03-10T16:31:01 EET" name="mainPageTest" finished-at="2021-03-10T16:31:02 EET" duration-ms="1217" status="PASS">
          <reporter-output>
          </reporter-output>
        </test-method> <!-- mainPageTest -->
        <test-method is-config="true" signature="tearDown()[pri:0, instance:Tests.AdminPageTest@26275bef]" started-at="2021-03-10T16:31:02 EET" name="tearDown" finished-at="2021-03-10T16:31:02 EET" duration-ms="287" status="PASS">
          <reporter-output>
          </reporter-output>
        </test-method> <!-- tearDown -->
      </class> <!-- Tests.AdminPageTest -->
    </test> <!-- smoke -->
  </suite> <!-- SmokeTests -->
</testng-results>
