<?xml version="1.0" encoding="UTF-8"?>
<testng-results ignored="0" total="1" passed="1" failed="0" skipped="0">
  <reporter-output>
  </reporter-output>
  <suite started-at="2021-02-24T08:39:41 EET" name="Default suite" finished-at="2021-02-24T08:39:51 EET" duration-ms="9761">
    <groups>
    </groups>
    <test started-at="2021-02-24T08:39:41 EET" name="Default test" finished-at="2021-02-24T08:39:51 EET" duration-ms="9761">
      <class name="Tests.SpecialistAddPersonalData">
        <test-method is-config="true" signature="setUp()[pri:0, instance:Tests.SpecialistAddPersonalData@2beee7ff]" started-at="2021-02-24T08:39:41 EET" name="setUp" finished-at="2021-02-24T08:39:45 EET" duration-ms="3167" status="PASS">
          <reporter-output>
          </reporter-output>
        </test-method> <!-- setUp -->
        <test-method signature="SpecialistAddPersonalDataTest()[pri:0, instance:Tests.SpecialistAddPersonalData@2beee7ff]" started-at="2021-02-24T08:39:45 EET" name="SpecialistAddPersonalDataTest" finished-at="2021-02-24T08:39:51 EET" duration-ms="6275" status="PASS">
          <reporter-output>
          </reporter-output>
        </test-method> <!-- SpecialistAddPersonalDataTest -->
        <test-method is-config="true" signature="tearDown()[pri:0, instance:Tests.SpecialistAddPersonalData@2beee7ff]" started-at="2021-02-24T08:39:51 EET" name="tearDown" finished-at="2021-02-24T08:39:51 EET" duration-ms="277" status="PASS">
          <reporter-output>
          </reporter-output>
        </test-method> <!-- tearDown -->
      </class> <!-- Tests.SpecialistAddPersonalData -->
    </test> <!-- Default test -->
  </suite> <!-- Default suite -->
</testng-results>
