<?xml version="1.0" encoding="UTF-8"?>
<testng-results ignored="0" total="2" passed="2" failed="0" skipped="0">
  <reporter-output>
  </reporter-output>
  <suite started-at="2021-03-02T13:39:43 EET" name="Default suite" finished-at="2021-03-02T13:39:57 EET" duration-ms="13876">
    <groups>
    </groups>
    <test started-at="2021-03-02T13:39:43 EET" name="Default test" finished-at="2021-03-02T13:39:57 EET" duration-ms="13876">
      <class name="Tests.ParentPageTest">
        <test-method is-config="true" signature="setUp()[pri:0, instance:Tests.ParentPageTest@2beee7ff]" started-at="2021-03-02T13:39:43 EET" name="setUp" finished-at="2021-03-02T13:39:43 EET" duration-ms="8" status="PASS">
          <reporter-output>
          </reporter-output>
        </test-method> <!-- setUp -->
        <test-method is-config="true" signature="openHomePage()[pri:0, instance:Tests.ParentPageTest@2beee7ff]" started-at="2021-03-02T13:39:43 EET" name="openHomePage" finished-at="2021-03-02T13:39:46 EET" duration-ms="3160" status="PASS">
          <reporter-output>
          </reporter-output>
        </test-method> <!-- openHomePage -->
        <test-method signature="parentLoginPageTest()[pri:0, instance:Tests.ParentPageTest@2beee7ff]" started-at="2021-03-02T13:39:46 EET" name="parentLoginPageTest" finished-at="2021-03-02T13:39:50 EET" duration-ms="3495" status="PASS">
          <reporter-output>
          </reporter-output>
        </test-method> <!-- parentLoginPageTest -->
        <test-method is-config="true" signature="tearDown()[pri:0, instance:Tests.ParentPageTest@2beee7ff]" started-at="2021-03-02T13:39:50 EET" name="tearDown" finished-at="2021-03-02T13:39:50 EET" duration-ms="297" status="PASS">
          <reporter-output>
          </reporter-output>
        </test-method> <!-- tearDown -->
        <test-method is-config="true" signature="openHomePage()[pri:0, instance:Tests.ParentPageTest@2beee7ff]" started-at="2021-03-02T13:39:50 EET" name="openHomePage" finished-at="2021-03-02T13:39:53 EET" duration-ms="2861" status="PASS">
          <reporter-output>
          </reporter-output>
        </test-method> <!-- openHomePage -->
        <test-method signature="parentLogoutTest()[pri:0, instance:Tests.ParentPageTest@2beee7ff]" started-at="2021-03-02T13:39:53 EET" name="parentLogoutTest" finished-at="2021-03-02T13:39:57 EET" duration-ms="3718" status="PASS">
          <reporter-output>
          </reporter-output>
        </test-method> <!-- parentLogoutTest -->
        <test-method is-config="true" signature="tearDown()[pri:0, instance:Tests.ParentPageTest@2beee7ff]" started-at="2021-03-02T13:39:57 EET" name="tearDown" finished-at="2021-03-02T13:39:57 EET" duration-ms="299" status="PASS">
          <reporter-output>
          </reporter-output>
        </test-method> <!-- tearDown -->
      </class> <!-- Tests.ParentPageTest -->
    </test> <!-- Default test -->
  </suite> <!-- Default suite -->
</testng-results>
