<?xml version="1.0" encoding="UTF-8"?>
<testng-results ignored="0" total="1" passed="1" failed="0" skipped="0">
  <reporter-output>
  </reporter-output>
  <suite started-at="2021-03-15T19:40:04 EET" name="Default suite" finished-at="2021-03-15T19:40:40 EET" duration-ms="36684">
    <groups>
      <group name="regression">
        <method signature="ChildRegistrationTest.pdfUploadTest()[pri:0, instance:Tests.ChildRegistrationTest@3246fb96]" name="pdfUploadTest" class="Tests.ChildRegistrationTest"/>
      </group> <!-- regression -->
    </groups>
    <test started-at="2021-03-15T19:40:04 EET" name="Default test" finished-at="2021-03-15T19:40:40 EET" duration-ms="36684">
      <class name="Tests.ChildRegistrationTest">
        <test-method is-config="true" signature="setUp()[pri:0, instance:Tests.ChildRegistrationTest@3246fb96]" started-at="2021-03-15T19:40:04 EET" name="setUp" finished-at="2021-03-15T19:40:04 EET" duration-ms="34" status="PASS">
          <reporter-output>
          </reporter-output>
        </test-method> <!-- setUp -->
        <test-method is-config="true" signature="openHomePage()[pri:0, instance:Tests.ChildRegistrationTest@3246fb96]" started-at="2021-03-15T19:40:04 EET" name="openHomePage" finished-at="2021-03-15T19:40:10 EET" duration-ms="5937" status="PASS">
          <reporter-output>
          </reporter-output>
        </test-method> <!-- openHomePage -->
        <test-method signature="pdfUploadTest()[pri:0, instance:Tests.ChildRegistrationTest@3246fb96]" started-at="2021-03-15T19:40:10 EET" name="pdfUploadTest" finished-at="2021-03-15T19:40:40 EET" duration-ms="30562" status="PASS">
          <reporter-output>
          </reporter-output>
        </test-method> <!-- pdfUploadTest -->
        <test-method is-config="true" signature="tearDown()[pri:0, instance:Tests.ChildRegistrationTest@3246fb96]" started-at="2021-03-15T19:40:40 EET" name="tearDown" finished-at="2021-03-15T19:40:40 EET" duration-ms="22" status="PASS">
          <reporter-output>
          </reporter-output>
        </test-method> <!-- tearDown -->
      </class> <!-- Tests.ChildRegistrationTest -->
    </test> <!-- Default test -->
  </suite> <!-- Default suite -->
</testng-results>
