<?xml version="1.0" encoding="UTF-8"?>
<!-- Generated by org.testng.reporters.JUnitReportReporter -->
<testsuite hostname="RadvilėsPC" failures="0" tests="2" name="Tests.SpecialistPageTest" time="20.625" errors="0" timestamp="2021-03-11T08:59:56 EET" skipped="0">
  <testcase classname="Tests.SpecialistPageTest" name="specialistLogoutPageTest" time="10.754"/>
  <system-out/>
  <testcase classname="Tests.SpecialistPageTest" name="specialistLoginPageTest" time="9.871"/>
  <system-out/>
</testsuite> <!-- Tests.SpecialistPageTest -->
