<?xml version="1.0" encoding="UTF-8"?>
<!-- Generated by org.testng.reporters.JUnitReportReporter -->
<testsuite hostname="DESKTOP-GQLF889" failures="0" tests="2" name="Tests.ParentPageTest" time="8.388" errors="0" timestamp="2021-03-11T11:33:31 EET" skipped="0">
  <testcase classname="Tests.ParentPageTest" name="parentLogoutTest" time="4.290"/>
  <system-out/>
  <testcase classname="Tests.ParentPageTest" name="parentLoginPageTest" time="4.098"/>
  <system-out/>
</testsuite> <!-- Tests.ParentPageTest -->
